<?xml version="1.0" encoding="utf-8"?>
<coverage line-rate="0.7725" branch-rate="0.7872" version="1.9" timestamp="1778530546" lines-covered="197" lines-valid="255" branches-covered="74" branches-valid="94">
  <sources>
    <source>/home/jzills/source/repos/SwaggerUIAuthorization/src/</source>
  </sources>
  <packages>
    <package name="SwaggerUIAuthorization" line-rate="0.7725" branch-rate="0.7872" complexity="118">
      <classes>
        <class name="SwaggerUIAuthorization.Filters.SwaggerAccessDocumentFilter" filename="Filters/SwaggerAccessDocumentFilter.cs" line-rate="0.8125" branch-rate="0.8332999999999999" complexity="7">
          <methods>
            <method name="Apply" signature="(Microsoft.OpenApi.Models.OpenApiDocument,Swashbuckle.AspNetCore.SwaggerGen.DocumentFilterContext)" line-rate="0.7692" branch-rate="0.8332999999999999" complexity="6">
              <lines>
                <line number="37" hits="4" branch="False" />
                <line number="38" hits="20" branch="True" condition-coverage="100% (2/2)">
                  <conditions>
                    <condition number="139" type="jump" coverage="100%" />
                  </conditions>
                </line>
                <line number="39" hits="4" branch="False" />
                <line number="40" hits="20" branch="True" condition-coverage="100% (2/2)">
                  <conditions>
                    <condition number="116" type="jump" coverage="100%" />
                  </conditions>
                </line>
                <line number="41" hits="4" branch="False" />
                <line number="42" hits="4" branch="False" />
                <line number="43" hits="4" branch="True" condition-coverage="50% (1/2)">
                  <conditions>
                    <condition number="92" type="jump" coverage="50%" />
                  </conditions>
                </line>
                <line number="44" hits="0" branch="False" />
                <line number="45" hits="0" branch="False" />
                <line number="46" hits="0" branch="False" />
                <line number="47" hits="4" branch="False" />
                <line number="48" hits="4" branch="False" />
                <line number="49" hits="4" branch="False" />
              </lines>
            </method>
            <method name=".ctor" signature="(SwaggerUIAuthorization.Components.ISwaggerOperationCollection)" line-rate="1" branch-rate="1" complexity="1">
              <lines>
                <line number="23" hits="4" branch="False" />
                <line number="24" hits="4" branch="False" />
                <line number="25" hits="8" branch="False" />
              </lines>
            </method>
          </methods>
          <lines>
            <line number="37" hits="4" branch="False" />
            <line number="38" hits="20" branch="True" condition-coverage="100% (2/2)">
              <conditions>
                <condition number="139" type="jump" coverage="100%" />
              </conditions>
            </line>
            <line number="39" hits="4" branch="False" />
            <line number="40" hits="20" branch="True" condition-coverage="100% (2/2)">
              <conditions>
                <condition number="116" type="jump" coverage="100%" />
              </conditions>
            </line>
            <line number="41" hits="4" branch="False" />
            <line number="42" hits="4" branch="False" />
            <line number="43" hits="4" branch="True" condition-coverage="50% (1/2)">
              <conditions>
                <condition number="92" type="jump" coverage="50%" />
              </conditions>
            </line>
            <line number="44" hits="0" branch="False" />
            <line number="45" hits="0" branch="False" />
            <line number="46" hits="0" branch="False" />
            <line number="47" hits="4" branch="False" />
            <line number="48" hits="4" branch="False" />
            <line number="49" hits="4" branch="False" />
            <line number="23" hits="4" branch="False" />
            <line number="24" hits="4" branch="False" />
            <line number="25" hits="8" branch="False" />
          </lines>
        </class>
        <class name="SwaggerUIAuthorization.Filters.SwaggerAccessOperationFilter" filename="Filters/SwaggerAccessOperationFilter.cs" line-rate="1" branch-rate="1" complexity="7">
          <methods>
            <method name="Apply" signature="(Microsoft.OpenApi.Models.OpenApiOperation,Swashbuckle.AspNetCore.SwaggerGen.OperationFilterContext)" line-rate="1" branch-rate="1" complexity="6">
              <lines>
                <line number="53" hits="8" branch="False" />
                <line number="54" hits="8" branch="False" />
                <line number="55" hits="8" branch="False" />
                <line number="59" hits="8" branch="True" condition-coverage="100% (2/2)">
                  <conditions>
                    <condition number="46" type="jump" coverage="100%" />
                  </conditions>
                </line>
                <line number="60" hits="2" branch="False" />
                <line number="61" hits="2" branch="False" />
                <line number="62" hits="2" branch="False" />
                <line number="63" hits="6" branch="True" condition-coverage="100% (2/2)">
                  <conditions>
                    <condition number="82" type="jump" coverage="100%" />
                  </conditions>
                </line>
                <line number="64" hits="4" branch="False" />
                <line number="66" hits="4" branch="False" />
                <line number="67" hits="4" branch="True" condition-coverage="100% (2/2)">
                  <conditions>
                    <condition number="117" type="jump" coverage="100%" />
                  </conditions>
                </line>
                <line number="68" hits="2" branch="False" />
                <line number="69" hits="2" branch="False" />
                <line number="70" hits="2" branch="False" />
                <line number="71" hits="4" branch="False" />
                <line number="73" hits="2" branch="False" />
                <line number="75" hits="2" branch="False" />
                <line number="76" hits="2" branch="False" />
                <line number="77" hits="8" branch="False" />
              </lines>
            </method>
            <method name=".ctor" signature="(SwaggerUIAuthorization.Components.ISwaggerOperationCollection,SwaggerUIAuthorization.Components.ISwaggerAuthorizationHandler)" line-rate="1" branch-rate="1" complexity="1">
              <lines>
                <line number="30" hits="8" branch="False" />
                <line number="31" hits="8" branch="False" />
                <line number="32" hits="8" branch="False" />
                <line number="33" hits="8" branch="False" />
                <line number="34" hits="8" branch="False" />
                <line number="35" hits="8" branch="False" />
                <line number="36" hits="8" branch="False" />
                <line number="37" hits="8" branch="False" />
              </lines>
            </method>
          </methods>
          <lines>
            <line number="53" hits="8" branch="False" />
            <line number="54" hits="8" branch="False" />
            <line number="55" hits="8" branch="False" />
            <line number="59" hits="8" branch="True" condition-coverage="100% (2/2)">
              <conditions>
                <condition number="46" type="jump" coverage="100%" />
              </conditions>
            </line>
            <line number="60" hits="2" branch="False" />
            <line number="61" hits="2" branch="False" />
            <line number="62" hits="2" branch="False" />
            <line number="63" hits="6" branch="True" condition-coverage="100% (2/2)">
              <conditions>
                <condition number="82" type="jump" coverage="100%" />
              </conditions>
            </line>
            <line number="64" hits="4" branch="False" />
            <line number="66" hits="4" branch="False" />
            <line number="67" hits="4" branch="True" condition-coverage="100% (2/2)">
              <conditions>
                <condition number="117" type="jump" coverage="100%" />
              </conditions>
            </line>
            <line number="68" hits="2" branch="False" />
            <line number="69" hits="2" branch="False" />
            <line number="70" hits="2" branch="False" />
            <line number="71" hits="4" branch="False" />
            <line number="73" hits="2" branch="False" />
            <line number="75" hits="2" branch="False" />
            <line number="76" hits="2" branch="False" />
            <line number="77" hits="8" branch="False" />
            <line number="30" hits="8" branch="False" />
            <line number="31" hits="8" branch="False" />
            <line number="32" hits="8" branch="False" />
            <line number="33" hits="8" branch="False" />
            <line number="34" hits="8" branch="False" />
            <line number="35" hits="8" branch="False" />
            <line number="36" hits="8" branch="False" />
            <line number="37" hits="8" branch="False" />
          </lines>
        </class>
        <class name="SwaggerUIAuthorization.Extensions.IApplicationBuilderExtensions" filename="Extensions/IApplicationBuilderExtensions.cs" line-rate="0" branch-rate="0" complexity="8">
          <methods>
            <method name="GetSwaggerUIOptions" signature="(System.Action`1&lt;Swashbuckle.AspNetCore.SwaggerUI.SwaggerUIOptions&gt;)" line-rate="0" branch-rate="0" complexity="2">
              <lines>
                <line number="20" hits="0" branch="False" />
                <line number="21" hits="0" branch="False" />
                <line number="22" hits="0" branch="True" condition-coverage="0% (0/2)">
                  <conditions>
                    <condition number="8" type="jump" coverage="0%" />
                  </conditions>
                </line>
                <line number="25" hits="0" branch="False" />
                <line number="27" hits="0" branch="False" />
                <line number="28" hits="0" branch="False" />
              </lines>
            </method>
            <method name="UseSwaggerAuthentication" signature="(Microsoft.AspNetCore.Builder.IApplicationBuilder,System.Action`1&lt;SwaggerUIAuthorization.Components.SwaggerAuthenticationOptions&gt;)" line-rate="0" branch-rate="0" complexity="2">
              <lines>
                <line number="40" hits="0" branch="False" />
                <line number="41" hits="0" branch="False" />
                <line number="42" hits="0" branch="True" condition-coverage="0% (0/2)">
                  <conditions>
                    <condition number="8" type="jump" coverage="0%" />
                  </conditions>
                </line>
                <line number="44" hits="0" branch="False" />
                <line number="45" hits="0" branch="False" />
              </lines>
            </method>
            <method name="UseSwaggerUIAuthorization" signature="(Microsoft.AspNetCore.Builder.IApplicationBuilder)" line-rate="0" branch-rate="1" complexity="1">
              <lines>
                <line number="56" hits="0" branch="False" />
                <line number="57" hits="0" branch="False" />
              </lines>
            </method>
            <method name="UseSwaggerUIAuthorization" signature="(Microsoft.AspNetCore.Builder.IApplicationBuilder,System.String)" line-rate="0" branch-rate="1" complexity="1">
              <lines>
                <line number="70" hits="0" branch="False" />
                <line number="71" hits="0" branch="False" />
              </lines>
            </method>
            <method name="UseSwaggerUIAuthorization" signature="(Microsoft.AspNetCore.Builder.IApplicationBuilder,System.String,System.Action`1&lt;Swashbuckle.AspNetCore.SwaggerUI.SwaggerUIOptions&gt;)" line-rate="0" branch-rate="1" complexity="1">
              <lines>
                <line number="87" hits="0" branch="False" />
                <line number="88" hits="0" branch="False" />
                <line number="89" hits="0" branch="False" />
                <line number="90" hits="0" branch="False" />
                <line number="91" hits="0" branch="False" />
                <line number="92" hits="0" branch="False" />
                <line number="93" hits="0" branch="False" />
                <line number="94" hits="0" branch="False" />
                <line number="95" hits="0" branch="False" />
                <line number="96" hits="0" branch="False" />
              </lines>
            </method>
            <method name="UseSwaggerUIAuthorization" signature="(Microsoft.AspNetCore.Builder.IApplicationBuilder,System.Action`1&lt;Swashbuckle.AspNetCore.SwaggerUI.SwaggerUIOptions&gt;)" line-rate="0" branch-rate="1" complexity="1">
              <lines>
                <line number="110" hits="0" branch="False" />
                <line number="111" hits="0" branch="False" />
                <line number="112" hits="0" branch="False" />
                <line number="113" hits="0" branch="False" />
                <line number="114" hits="0" branch="False" />
                <line number="115" hits="0" branch="False" />
              </lines>
            </method>
          </methods>
          <lines>
            <line number="20" hits="0" branch="False" />
            <line number="21" hits="0" branch="False" />
            <line number="22" hits="0" branch="True" condition-coverage="0% (0/2)">
              <conditions>
                <condition number="8" type="jump" coverage="0%" />
              </conditions>
            </line>
            <line number="25" hits="0" branch="False" />
            <line number="27" hits="0" branch="False" />
            <line number="28" hits="0" branch="False" />
            <line number="40" hits="0" branch="False" />
            <line number="41" hits="0" branch="False" />
            <line number="42" hits="0" branch="True" condition-coverage="0% (0/2)">
              <conditions>
                <condition number="8" type="jump" coverage="0%" />
              </conditions>
            </line>
            <line number="44" hits="0" branch="False" />
            <line number="45" hits="0" branch="False" />
            <line number="56" hits="0" branch="False" />
            <line number="57" hits="0" branch="False" />
            <line number="70" hits="0" branch="False" />
            <line number="71" hits="0" branch="False" />
            <line number="87" hits="0" branch="False" />
            <line number="88" hits="0" branch="False" />
            <line number="89" hits="0" branch="False" />
            <line number="90" hits="0" branch="False" />
            <line number="91" hits="0" branch="False" />
            <line number="92" hits="0" branch="False" />
            <line number="93" hits="0" branch="False" />
            <line number="94" hits="0" branch="False" />
            <line number="95" hits="0" branch="False" />
            <line number="96" hits="0" branch="False" />
            <line number="110" hits="0" branch="False" />
            <line number="111" hits="0" branch="False" />
            <line number="112" hits="0" branch="False" />
            <line number="113" hits="0" branch="False" />
            <line number="114" hits="0" branch="False" />
            <line number="115" hits="0" branch="False" />
          </lines>
        </class>
        <class name="SwaggerUIAuthorization.Extensions.IServiceCollectionExtensions" filename="Extensions/IServiceCollectionExtensions.cs" line-rate="0" branch-rate="1" complexity="3">
          <methods>
            <method name="AddSwaggerUIAuthorizationDefaults" signature="(Microsoft.Extensions.DependencyInjection.IServiceCollection)" line-rate="0" branch-rate="1" complexity="1">
              <lines>
                <line number="20" hits="0" branch="False" />
                <line number="21" hits="0" branch="False" />
                <line number="22" hits="0" branch="False" />
                <line number="23" hits="0" branch="False" />
                <line number="24" hits="0" branch="False" />
              </lines>
            </method>
            <method name="AddSwaggerUIAuthorization" signature="(Microsoft.Extensions.DependencyInjection.IServiceCollection)" line-rate="0" branch-rate="1" complexity="1">
              <lines>
                <line number="34" hits="0" branch="False" />
                <line number="35" hits="0" branch="False" />
                <line number="36" hits="0" branch="False" />
              </lines>
            </method>
            <method name="AddSwaggerUIAuthorization" signature="(Microsoft.Extensions.DependencyInjection.IServiceCollection,System.Action`1&lt;Swashbuckle.AspNetCore.SwaggerGen.SwaggerGenOptions&gt;)" line-rate="0" branch-rate="1" complexity="1">
              <lines>
                <line number="49" hits="0" branch="False" />
                <line number="50" hits="0" branch="False" />
                <line number="52" hits="0" branch="False" />
                <line number="53" hits="0" branch="False" />
                <line number="55" hits="0" branch="False" />
                <line number="57" hits="0" branch="False" />
                <line number="58" hits="0" branch="False" />
              </lines>
            </method>
          </methods>
          <lines>
            <line number="20" hits="0" branch="False" />
            <line number="21" hits="0" branch="False" />
            <line number="22" hits="0" branch="False" />
            <line number="23" hits="0" branch="False" />
            <line number="24" hits="0" branch="False" />
            <line number="34" hits="0" branch="False" />
            <line number="35" hits="0" branch="False" />
            <line number="36" hits="0" branch="False" />
            <line number="49" hits="0" branch="False" />
            <line number="50" hits="0" branch="False" />
            <line number="52" hits="0" branch="False" />
            <line number="53" hits="0" branch="False" />
            <line number="55" hits="0" branch="False" />
            <line number="57" hits="0" branch="False" />
            <line number="58" hits="0" branch="False" />
          </lines>
        </class>
        <class name="SwaggerUIAuthorization.Extensions.Internal.CustomAttributeNamedArgumentExtensions" filename="Extensions/Internal/CustomAttributeNamedArgumentExtensions.cs" line-rate="1" branch-rate="0.6875" complexity="16">
          <methods>
            <method name="IsAuthenticationSchemeVerificationOnly" signature="(System.Collections.Generic.IList`1&lt;System.Reflection.CustomAttributeNamedArgument&gt;)" line-rate="1" branch-rate="1" complexity="2">
              <lines>
                <line number="18" hits="5" branch="True" condition-coverage="100% (2/2)">
                  <conditions>
                    <condition number="7" type="jump" coverage="100%" />
                  </conditions>
                </line>
                <line number="19" hits="5" branch="False" />
              </lines>
            </method>
            <method name="TryGetAuthenticationSchemes" signature="(System.Collections.Generic.IList`1&lt;System.Reflection.CustomAttributeNamedArgument&gt;,System.Collections.Generic.IEnumerable`1&lt;System.String&gt;&amp;)" line-rate="1" branch-rate="0.5" complexity="4">
              <lines>
                <line number="31" hits="11" branch="False" />
                <line number="32" hits="11" branch="False" />
                <line number="33" hits="21" branch="False" />
                <line number="34" hits="12" branch="True" condition-coverage="50% (1/2)">
                  <conditions>
                    <condition number="21" type="jump" coverage="50%" />
                  </conditions>
                </line>
                <line number="35" hits="23" branch="False" />
                <line number="37" hits="11" branch="True" condition-coverage="50% (1/2)">
                  <conditions>
                    <condition number="115" type="jump" coverage="50%" />
                  </conditions>
                </line>
                <line number="38" hits="11" branch="False" />
              </lines>
            </method>
            <method name="TryGetRoles" signature="(System.Collections.Generic.IList`1&lt;System.Reflection.CustomAttributeNamedArgument&gt;,System.Collections.Generic.IEnumerable`1&lt;System.String&gt;&amp;)" line-rate="1" branch-rate="0.75" complexity="4">
              <lines>
                <line number="50" hits="8" branch="False" />
                <line number="51" hits="8" branch="False" />
                <line number="52" hits="8" branch="True" condition-coverage="75% (3/4)">
                  <conditions>
                    <condition number="9" type="jump" coverage="50%" />
                    <condition number="24" type="jump" coverage="100%" />
                  </conditions>
                </line>
                <line number="53" hits="5" branch="False" />
                <line number="54" hits="8" branch="False" />
                <line number="55" hits="5" branch="False" />
                <line number="58" hits="3" branch="False" />
                <line number="59" hits="3" branch="False" />
                <line number="60" hits="3" branch="False" />
                <line number="62" hits="8" branch="False" />
              </lines>
            </method>
            <method name="TryGetPolicy" signature="(System.Collections.Generic.IList`1&lt;System.Reflection.CustomAttributeNamedArgument&gt;,System.String&amp;)" line-rate="1" branch-rate="0.75" complexity="4">
              <lines>
                <line number="74" hits="4" branch="False" />
                <line number="75" hits="4" branch="False" />
                <line number="76" hits="4" branch="True" condition-coverage="75% (3/4)">
                  <conditions>
                    <condition number="9" type="jump" coverage="50%" />
                    <condition number="24" type="jump" coverage="100%" />
                  </conditions>
                </line>
                <line number="77" hits="3" branch="False" />
                <line number="78" hits="3" branch="False" />
                <line number="79" hits="3" branch="False" />
                <line number="82" hits="1" branch="False" />
                <line number="83" hits="1" branch="False" />
                <line number="84" hits="1" branch="False" />
                <line number="86" hits="4" branch="False" />
              </lines>
            </method>
            <method name="ToMemberValueDictionary" signature="(System.Collections.Generic.IList`1&lt;System.Reflection.CustomAttributeNamedArgument&gt;)" line-rate="1" branch-rate="0.5" complexity="2">
              <lines>
                <line number="96" hits="13" branch="False" />
                <line number="97" hits="14" branch="False" />
                <line number="98" hits="14" branch="True" condition-coverage="50% (1/2)">
                  <conditions>
                    <condition number="21" type="jump" coverage="50%" />
                  </conditions>
                </line>
                <line number="99" hits="13" branch="False" />
              </lines>
            </method>
          </methods>
          <lines>
            <line number="18" hits="5" branch="True" condition-coverage="100% (2/2)">
              <conditions>
                <condition number="7" type="jump" coverage="100%" />
              </conditions>
            </line>
            <line number="19" hits="5" branch="False" />
            <line number="31" hits="11" branch="False" />
            <line number="32" hits="11" branch="False" />
            <line number="33" hits="21" branch="False" />
            <line number="34" hits="12" branch="True" condition-coverage="50% (1/2)">
              <conditions>
                <condition number="21" type="jump" coverage="50%" />
              </conditions>
            </line>
            <line number="35" hits="23" branch="False" />
            <line number="37" hits="11" branch="True" condition-coverage="50% (1/2)">
              <conditions>
                <condition number="115" type="jump" coverage="50%" />
              </conditions>
            </line>
            <line number="38" hits="11" branch="False" />
            <line number="50" hits="8" branch="False" />
            <line number="51" hits="8" branch="False" />
            <line number="52" hits="8" branch="True" condition-coverage="75% (3/4)">
              <conditions>
                <condition number="9" type="jump" coverage="50%" />
                <condition number="24" type="jump" coverage="100%" />
              </conditions>
            </line>
            <line number="53" hits="5" branch="False" />
            <line number="54" hits="8" branch="False" />
            <line number="55" hits="5" branch="False" />
            <line number="58" hits="3" branch="False" />
            <line number="59" hits="3" branch="False" />
            <line number="60" hits="3" branch="False" />
            <line number="62" hits="8" branch="False" />
            <line number="74" hits="4" branch="False" />
            <line number="75" hits="4" branch="False" />
            <line number="76" hits="4" branch="True" condition-coverage="75% (3/4)">
              <conditions>
                <condition number="9" type="jump" coverage="50%" />
                <condition number="24" type="jump" coverage="100%" />
              </conditions>
            </line>
            <line number="77" hits="3" branch="False" />
            <line number="78" hits="3" branch="False" />
            <line number="79" hits="3" branch="False" />
            <line number="82" hits="1" branch="False" />
            <line number="83" hits="1" branch="False" />
            <line number="84" hits="1" branch="False" />
            <line number="86" hits="4" branch="False" />
            <line number="96" hits="13" branch="False" />
            <line number="97" hits="14" branch="False" />
            <line number="98" hits="14" branch="True" condition-coverage="50% (1/2)">
              <conditions>
                <condition number="21" type="jump" coverage="50%" />
              </conditions>
            </line>
            <line number="99" hits="13" branch="False" />
          </lines>
        </class>
        <class name="SwaggerUIAuthorization.Extensions.Internal.CustomAttributeArgumentExtensions" filename="Extensions/Internal/CustomAttributeTypedArgumentExtensions.cs" line-rate="1" branch-rate="1" complexity="2">
          <methods>
            <method name="TryGetPolicy" signature="(System.Collections.Generic.IList`1&lt;System.Reflection.CustomAttributeTypedArgument&gt;,System.String&amp;)" line-rate="1" branch-rate="1" complexity="2">
              <lines>
                <line number="20" hits="5" branch="False" />
                <line number="22" hits="5" branch="False" />
                <line number="23" hits="5" branch="True" condition-coverage="100% (2/2)">
                  <conditions>
                    <condition number="27" type="jump" coverage="100%" />
                  </conditions>
                </line>
                <line number="24" hits="3" branch="False" />
                <line number="25" hits="3" branch="False" />
                <line number="26" hits="3" branch="False" />
                <line number="29" hits="2" branch="False" />
                <line number="30" hits="2" branch="False" />
                <line number="31" hits="2" branch="False" />
                <line number="33" hits="5" branch="False" />
              </lines>
            </method>
          </methods>
          <lines>
            <line number="20" hits="5" branch="False" />
            <line number="22" hits="5" branch="False" />
            <line number="23" hits="5" branch="True" condition-coverage="100% (2/2)">
              <conditions>
                <condition number="27" type="jump" coverage="100%" />
              </conditions>
            </line>
            <line number="24" hits="3" branch="False" />
            <line number="25" hits="3" branch="False" />
            <line number="26" hits="3" branch="False" />
            <line number="29" hits="2" branch="False" />
            <line number="30" hits="2" branch="False" />
            <line number="31" hits="2" branch="False" />
            <line number="33" hits="5" branch="False" />
          </lines>
        </class>
        <class name="SwaggerUIAuthorization.Extensions.Internal.HttpContextExtensions" filename="Extensions/Internal/HttpContextExtensions.cs" line-rate="1" branch-rate="0.6666" complexity="6">
          <methods>
            <method name="TryGetAuthenticatedUser" signature="(Microsoft.AspNetCore.Http.HttpContext,System.Security.Claims.ClaimsPrincipal&amp;)" line-rate="1" branch-rate="0.5" complexity="4">
              <lines>
                <line number="21" hits="5" branch="False" />
                <line number="22" hits="5" branch="False" />
                <line number="23" hits="5" branch="True" condition-coverage="50% (2/4)">
                  <conditions>
                    <condition number="16" type="jump" coverage="50%" />
                    <condition number="36" type="jump" coverage="50%" />
                  </conditions>
                </line>
                <line number="24" hits="5" branch="False" />
              </lines>
            </method>
            <method name="IsRoutingToSwagger" signature="(Microsoft.AspNetCore.Http.HttpContext,System.String)" line-rate="1" branch-rate="1" complexity="2">
              <lines>
                <line number="33" hits="12" branch="True" condition-coverage="100% (2/2)">
                  <conditions>
                    <condition number="19" type="jump" coverage="100%" />
                  </conditions>
                </line>
                <line number="34" hits="12" branch="False" />
                <line number="35" hits="12" branch="False" />
                <line number="36" hits="12" branch="False" />
                <line number="37" hits="12" branch="False" />
              </lines>
            </method>
          </methods>
          <lines>
            <line number="21" hits="5" branch="False" />
            <line number="22" hits="5" branch="False" />
            <line number="23" hits="5" branch="True" condition-coverage="50% (2/4)">
              <conditions>
                <condition number="16" type="jump" coverage="50%" />
                <condition number="36" type="jump" coverage="50%" />
              </conditions>
            </line>
            <line number="24" hits="5" branch="False" />
            <line number="33" hits="12" branch="True" condition-coverage="100% (2/2)">
              <conditions>
                <condition number="19" type="jump" coverage="100%" />
              </conditions>
            </line>
            <line number="34" hits="12" branch="False" />
            <line number="35" hits="12" branch="False" />
            <line number="36" hits="12" branch="False" />
            <line number="37" hits="12" branch="False" />
          </lines>
        </class>
        <class name="SwaggerUIAuthorization.Extensions.Internal.IDictionaryExtensions" filename="Extensions/Internal/IDictionaryExtensions.cs" line-rate="1" branch-rate="1" complexity="6">
          <methods>
            <method name="TryGetRoleValue" signature="(System.Collections.Generic.IDictionary`2&lt;System.String,System.String&gt;,System.String&amp;)" line-rate="1" branch-rate="1" complexity="1">
              <lines>
                <line number="19" hits="13" branch="False" />
              </lines>
            </method>
            <method name="TryGetPolicyValue" signature="(System.Collections.Generic.IDictionary`2&lt;System.String,System.String&gt;,System.String&amp;)" line-rate="1" branch-rate="1" complexity="1">
              <lines>
                <line number="30" hits="9" branch="False" />
              </lines>
            </method>
            <method name="TryGetValueInternal" signature="(System.Collections.Generic.IDictionary`2&lt;System.String,System.String&gt;,System.String,System.String&amp;)" line-rate="1" branch-rate="1" complexity="4">
              <lines>
                <line number="44" hits="22" branch="False" />
                <line number="45" hits="22" branch="True" condition-coverage="100% (4/4)">
                  <conditions>
                    <condition number="10" type="jump" coverage="100%" />
                    <condition number="26" type="jump" coverage="100%" />
                  </conditions>
                </line>
                <line number="46" hits="22" branch="False" />
                <line number="47" hits="10" branch="False" />
                <line number="48" hits="10" branch="False" />
                <line number="49" hits="10" branch="False" />
                <line number="51" hits="12" branch="False" />
                <line number="52" hits="12" branch="False" />
                <line number="53" hits="12" branch="False" />
                <line number="55" hits="22" branch="False" />
                <line number="56" hits="22" branch="False" />
              </lines>
            </method>
          </methods>
          <lines>
            <line number="19" hits="13" branch="False" />
            <line number="30" hits="9" branch="False" />
            <line number="44" hits="22" branch="False" />
            <line number="45" hits="22" branch="True" condition-coverage="100% (4/4)">
              <conditions>
                <condition number="10" type="jump" coverage="100%" />
                <condition number="26" type="jump" coverage="100%" />
              </conditions>
            </line>
            <line number="46" hits="22" branch="False" />
            <line number="47" hits="10" branch="False" />
            <line number="48" hits="10" branch="False" />
            <line number="49" hits="10" branch="False" />
            <line number="51" hits="12" branch="False" />
            <line number="52" hits="12" branch="False" />
            <line number="53" hits="12" branch="False" />
            <line number="55" hits="22" branch="False" />
            <line number="56" hits="22" branch="False" />
          </lines>
        </class>
        <class name="SwaggerUIAuthorization.Extensions.Internal.MethodInfoExtensions" filename="Extensions/Internal/MethodInfoExtensions.cs" line-rate="1" branch-rate="0.6666" complexity="7">
          <methods>
            <method name="GetCustomAttributes" signature="(System.Reflection.MethodInfo)" line-rate="1" branch-rate="0.6666" complexity="6">
              <lines>
                <line number="19" hits="20" branch="True" condition-coverage="66.66% (4/6)">
                  <conditions>
                    <condition number="13" type="jump" coverage="50%" />
                    <condition number="25" type="jump" coverage="50%" />
                    <condition number="44" type="jump" coverage="100%" />
                  </conditions>
                </line>
                <line number="20" hits="20" branch="False" />
                <line number="21" hits="57" branch="False" />
              </lines>
            </method>
            <method name="TryGetCustomAttribute" signature="(System.Reflection.MethodInfo,System.Collections.Generic.IEnumerable`1&lt;System.Reflection.CustomAttributeData&gt;&amp;)" line-rate="1" branch-rate="1" complexity="1">
              <lines>
                <line number="34" hits="18" branch="False" />
                <line number="35" hits="18" branch="False" />
                <line number="36" hits="18" branch="False" />
                <line number="37" hits="18" branch="False" />
              </lines>
            </method>
          </methods>
          <lines>
            <line number="19" hits="20" branch="True" condition-coverage="66.66% (4/6)">
              <conditions>
                <condition number="13" type="jump" coverage="50%" />
                <condition number="25" type="jump" coverage="50%" />
                <condition number="44" type="jump" coverage="100%" />
              </conditions>
            </line>
            <line number="20" hits="20" branch="False" />
            <line number="21" hits="57" branch="False" />
            <line number="34" hits="18" branch="False" />
            <line number="35" hits="18" branch="False" />
            <line number="36" hits="18" branch="False" />
            <line number="37" hits="18" branch="False" />
          </lines>
        </class>
        <class name="SwaggerUIAuthorization.Extensions.Internal.OpenApiTagExtensions" filename="Extensions/Internal/OpenApiTagExtensions.cs" line-rate="1" branch-rate="1" complexity="3">
          <methods>
            <method name="Add" signature="(System.Collections.Generic.IList`1&lt;Microsoft.OpenApi.Models.OpenApiTag&gt;,System.String)" line-rate="1" branch-rate="1" complexity="1">
              <lines>
                <line number="18" hits="17" branch="False" />
                <line number="19" hits="17" branch="False" />
                <line number="20" hits="17" branch="False" />
                <line number="21" hits="17" branch="False" />
                <line number="22" hits="17" branch="False" />
              </lines>
            </method>
            <method name="GetActionId" signature="(System.Collections.Generic.IList`1&lt;Microsoft.OpenApi.Models.OpenApiTag&gt;)" line-rate="1" branch-rate="1" complexity="1">
              <lines>
                <line number="30" hits="7" branch="False" />
                <line number="31" hits="15" branch="False" />
                <line number="32" hits="6" branch="False" />
                <line number="33" hits="6" branch="False" />
                <line number="34" hits="6" branch="False" />
              </lines>
            </method>
            <method name=".cctor" signature="()" line-rate="1" branch-rate="1" complexity="1">
              <lines>
                <line number="10" hits="1" branch="False" />
              </lines>
            </method>
          </methods>
          <lines>
            <line number="18" hits="17" branch="False" />
            <line number="19" hits="17" branch="False" />
            <line number="20" hits="17" branch="False" />
            <line number="21" hits="17" branch="False" />
            <line number="22" hits="17" branch="False" />
            <line number="30" hits="7" branch="False" />
            <line number="31" hits="15" branch="False" />
            <line number="32" hits="6" branch="False" />
            <line number="33" hits="6" branch="False" />
            <line number="34" hits="6" branch="False" />
            <line number="10" hits="1" branch="False" />
          </lines>
        </class>
        <class name="SwaggerUIAuthorization.Extensions.Internal.SwaggerGenOptionsExtensions" filename="Extensions/Internal/SwaggerGenOptionsExtensions.cs" line-rate="0" branch-rate="1" complexity="1">
          <methods>
            <method name="AddSwaggerAuthorizationFilters" signature="(Swashbuckle.AspNetCore.SwaggerGen.SwaggerGenOptions)" line-rate="0" branch-rate="1" complexity="1">
              <lines>
                <line number="17" hits="0" branch="False" />
                <line number="18" hits="0" branch="False" />
                <line number="19" hits="0" branch="False" />
                <line number="20" hits="0" branch="False" />
              </lines>
            </method>
          </methods>
          <lines>
            <line number="17" hits="0" branch="False" />
            <line number="18" hits="0" branch="False" />
            <line number="19" hits="0" branch="False" />
            <line number="20" hits="0" branch="False" />
          </lines>
        </class>
        <class name="SwaggerUIAuthorization.Components.SwaggerAuthenticationMiddleware" filename="Components/SwaggerAuthenticationMiddleware.cs" line-rate="1" branch-rate="0.75" complexity="9">
          <methods>
            <method name="InvokeAsync" signature="(Microsoft.AspNetCore.Http.HttpContext)" line-rate="1" branch-rate="0.75" complexity="8">
              <lines>
                <line number="41" hits="6" branch="False" />
                <line number="42" hits="6" branch="True" condition-coverage="100% (2/2)">
                  <conditions>
                    <condition number="30" type="jump" coverage="100%" />
                  </conditions>
                </line>
                <line number="43" hits="4" branch="False" />
                <line number="44" hits="4" branch="True" condition-coverage="50% (2/4)">
                  <conditions>
                    <condition number="40" type="jump" coverage="50%" />
                    <condition number="60" type="jump" coverage="50%" />
                  </conditions>
                </line>
                <line number="45" hits="4" branch="True" condition-coverage="100% (2/2)">
                  <conditions>
                    <condition number="99" type="jump" coverage="100%" />
                  </conditions>
                </line>
                <line number="46" hits="3" branch="False" />
                <line number="47" hits="3" branch="False" />
                <line number="49" hits="1" branch="False" />
                <line number="51" hits="3" branch="False" />
                <line number="52" hits="6" branch="False" />
              </lines>
            </method>
            <method name=".ctor" signature="(Microsoft.AspNetCore.Http.RequestDelegate,SwaggerUIAuthorization.Components.SwaggerAuthenticationOptions)" line-rate="1" branch-rate="1" complexity="1">
              <lines>
                <line number="30" hits="6" branch="False" />
                <line number="31" hits="6" branch="False" />
                <line number="32" hits="6" branch="False" />
                <line number="33" hits="12" branch="False" />
              </lines>
            </method>
          </methods>
          <lines>
            <line number="41" hits="6" branch="False" />
            <line number="42" hits="6" branch="True" condition-coverage="100% (2/2)">
              <conditions>
                <condition number="30" type="jump" coverage="100%" />
              </conditions>
            </line>
            <line number="43" hits="4" branch="False" />
            <line number="44" hits="4" branch="True" condition-coverage="50% (2/4)">
              <conditions>
                <condition number="40" type="jump" coverage="50%" />
                <condition number="60" type="jump" coverage="50%" />
              </conditions>
            </line>
            <line number="45" hits="4" branch="True" condition-coverage="100% (2/2)">
              <conditions>
                <condition number="99" type="jump" coverage="100%" />
              </conditions>
            </line>
            <line number="46" hits="3" branch="False" />
            <line number="47" hits="3" branch="False" />
            <line number="49" hits="1" branch="False" />
            <line number="51" hits="3" branch="False" />
            <line number="52" hits="6" branch="False" />
            <line number="30" hits="6" branch="False" />
            <line number="31" hits="6" branch="False" />
            <line number="32" hits="6" branch="False" />
            <line number="33" hits="12" branch="False" />
          </lines>
        </class>
        <class name="SwaggerUIAuthorization.Components.SwaggerAuthenticationOptions" filename="Components/SwaggerAuthenticationOptions.cs" line-rate="0.5" branch-rate="1" complexity="4">
          <methods>
            <method name="get_RoutePrefix" signature="()" line-rate="1" branch-rate="1" complexity="1">
              <lines>
                <line number="25" hits="18" branch="False" />
              </lines>
            </method>
            <method name="get_AuthenticationScheme" signature="()" line-rate="1" branch-rate="1" complexity="1">
              <lines>
                <line number="31" hits="9" branch="False" />
              </lines>
            </method>
            <method name=".ctor" signature="()" line-rate="1" branch-rate="1" complexity="1">
              <lines>
                <line number="11" hits="18" branch="False" />
              </lines>
            </method>
            <method name=".ctor" signature="(System.String)" line-rate="0" branch-rate="1" complexity="1">
              <lines>
                <line number="17" hits="0" branch="False" />
                <line number="18" hits="0" branch="False" />
                <line number="19" hits="0" branch="False" />
              </lines>
            </method>
          </methods>
          <lines>
            <line number="25" hits="18" branch="False" />
            <line number="31" hits="9" branch="False" />
            <line number="11" hits="18" branch="False" />
            <line number="17" hits="0" branch="False" />
            <line number="18" hits="0" branch="False" />
            <line number="19" hits="0" branch="False" />
          </lines>
        </class>
        <class name="SwaggerUIAuthorization.Components.SwaggerAuthorizationHandler" filename="Components/SwaggerAuthorizationHandler.cs" line-rate="0.9428" branch-rate="0.8571" complexity="29">
          <methods>
            <method name="ShouldRender" signature="(System.Reflection.CustomAttributeData)" line-rate="1" branch-rate="1" complexity="10">
              <lines>
                <line number="37" hits="12" branch="True" condition-coverage="100% (10/10)">
                  <conditions>
                    <condition number="5" type="jump" coverage="100%" />
                    <condition number="15" type="jump" coverage="100%" />
                    <condition number="26" type="jump" coverage="100%" />
                    <condition number="36" type="jump" coverage="100%" />
                    <condition number="49" type="jump" coverage="100%" />
                  </conditions>
                </line>
                <line number="38" hits="12" branch="False" />
                <line number="39" hits="2" branch="False" />
                <line number="40" hits="9" branch="False" />
                <line number="41" hits="1" branch="False" />
                <line number="42" hits="12" branch="False" />
              </lines>
            </method>
            <method name="ShouldRender" signature="(System.Collections.Generic.IList`1&lt;System.Reflection.CustomAttributeNamedArgument&gt;)" line-rate="0.9" branch-rate="0.9" complexity="10">
              <lines>
                <line number="50" hits="9" branch="False" />
                <line number="51" hits="9" branch="True" condition-coverage="100% (2/2)">
                  <conditions>
                    <condition number="11" type="jump" coverage="100%" />
                  </conditions>
                </line>
                <line number="52" hits="5" branch="False" />
                <line number="53" hits="5" branch="False" />
                <line number="54" hits="5" branch="True" condition-coverage="100% (2/2)">
                  <conditions>
                    <condition number="41" type="jump" coverage="100%" />
                  </conditions>
                </line>
                <line number="55" hits="3" branch="False" />
                <line number="56" hits="3" branch="False" />
                <line number="59" hits="2" branch="True" condition-coverage="100% (2/2)">
                  <conditions>
                    <condition number="59" type="jump" coverage="100%" />
                  </conditions>
                </line>
                <line number="60" hits="1" branch="False" />
                <line number="61" hits="1" branch="False" />
                <line number="63" hits="1" branch="False" />
                <line number="65" hits="5" branch="True" condition-coverage="100% (2/2)">
                  <conditions>
                    <condition number="80" type="jump" coverage="100%" />
                  </conditions>
                </line>
                <line number="66" hits="3" branch="False" />
                <line number="67" hits="3" branch="False" />
                <line number="69" hits="2" branch="True" condition-coverage="50% (1/2)">
                  <conditions>
                    <condition number="111" type="jump" coverage="50%" />
                  </conditions>
                </line>
                <line number="70" hits="2" branch="False" />
                <line number="71" hits="2" branch="False" />
                <line number="74" hits="0" branch="False" />
                <line number="75" hits="0" branch="False" />
                <line number="77" hits="9" branch="False" />
              </lines>
            </method>
            <method name="ShouldRender" signature="(System.Collections.Generic.IList`1&lt;System.Reflection.CustomAttributeTypedArgument&gt;)" line-rate="1" branch-rate="0.5" complexity="2">
              <lines>
                <line number="85" hits="2" branch="True" condition-coverage="50% (1/2)">
                  <conditions>
                    <condition number="8" type="jump" coverage="50%" />
                  </conditions>
                </line>
                <line number="86" hits="2" branch="False" />
              </lines>
            </method>
            <method name="AuthenticateSynchronously" signature="(System.String)" line-rate="1" branch-rate="0.6666" complexity="6">
              <lines>
                <line number="94" hits="5" branch="True" condition-coverage="66.66% (4/6)">
                  <conditions>
                    <condition number="12" type="jump" coverage="100%" />
                    <condition number="33" type="jump" coverage="50%" />
                    <condition number="53" type="jump" coverage="50%" />
                  </conditions>
                </line>
                <line number="95" hits="5" branch="False" />
                <line number="96" hits="5" branch="False" />
              </lines>
            </method>
            <method name=".ctor" signature="(Microsoft.AspNetCore.Http.IHttpContextAccessor,SwaggerUIAuthorization.Components.ISwaggerAuthorizationProvider)" line-rate="1" branch-rate="1" complexity="1">
              <lines>
                <line number="30" hits="12" branch="False" />
                <line number="31" hits="12" branch="False" />
                <line number="32" hits="12" branch="False" />
                <line number="33" hits="24" branch="False" />
              </lines>
            </method>
          </methods>
          <lines>
            <line number="37" hits="12" branch="True" condition-coverage="100% (10/10)">
              <conditions>
                <condition number="5" type="jump" coverage="100%" />
                <condition number="15" type="jump" coverage="100%" />
                <condition number="26" type="jump" coverage="100%" />
                <condition number="36" type="jump" coverage="100%" />
                <condition number="49" type="jump" coverage="100%" />
              </conditions>
            </line>
            <line number="38" hits="12" branch="False" />
            <line number="39" hits="2" branch="False" />
            <line number="40" hits="9" branch="False" />
            <line number="41" hits="1" branch="False" />
            <line number="42" hits="12" branch="False" />
            <line number="50" hits="9" branch="False" />
            <line number="51" hits="9" branch="True" condition-coverage="100% (2/2)">
              <conditions>
                <condition number="11" type="jump" coverage="100%" />
              </conditions>
            </line>
            <line number="52" hits="5" branch="False" />
            <line number="53" hits="5" branch="False" />
            <line number="54" hits="5" branch="True" condition-coverage="100% (2/2)">
              <conditions>
                <condition number="41" type="jump" coverage="100%" />
              </conditions>
            </line>
            <line number="55" hits="3" branch="False" />
            <line number="56" hits="3" branch="False" />
            <line number="59" hits="2" branch="True" condition-coverage="100% (2/2)">
              <conditions>
                <condition number="59" type="jump" coverage="100%" />
              </conditions>
            </line>
            <line number="60" hits="1" branch="False" />
            <line number="61" hits="1" branch="False" />
            <line number="63" hits="1" branch="False" />
            <line number="65" hits="5" branch="True" condition-coverage="100% (2/2)">
              <conditions>
                <condition number="80" type="jump" coverage="100%" />
              </conditions>
            </line>
            <line number="66" hits="3" branch="False" />
            <line number="67" hits="3" branch="False" />
            <line number="69" hits="2" branch="True" condition-coverage="50% (1/2)">
              <conditions>
                <condition number="111" type="jump" coverage="50%" />
              </conditions>
            </line>
            <line number="70" hits="2" branch="False" />
            <line number="71" hits="2" branch="False" />
            <line number="74" hits="0" branch="False" />
            <line number="75" hits="0" branch="False" />
            <line number="77" hits="9" branch="False" />
            <line number="85" hits="2" branch="True" condition-coverage="50% (1/2)">
              <conditions>
                <condition number="8" type="jump" coverage="50%" />
              </conditions>
            </line>
            <line number="86" hits="2" branch="False" />
            <line number="94" hits="5" branch="True" condition-coverage="66.66% (4/6)">
              <conditions>
                <condition number="12" type="jump" coverage="100%" />
                <condition number="33" type="jump" coverage="50%" />
                <condition number="53" type="jump" coverage="50%" />
              </conditions>
            </line>
            <line number="95" hits="5" branch="False" />
            <line number="96" hits="5" branch="False" />
            <line number="30" hits="12" branch="False" />
            <line number="31" hits="12" branch="False" />
            <line number="32" hits="12" branch="False" />
            <line number="33" hits="24" branch="False" />
          </lines>
        </class>
        <class name="SwaggerUIAuthorization.Components.SwaggerAuthorizationProvider" filename="Components/SwaggerAuthorizationProvider.cs" line-rate="1" branch-rate="1" complexity="5">
          <methods>
            <method name="IsAuthorized" signature="(System.Collections.Generic.IEnumerable`1&lt;System.String&gt;)" line-rate="1" branch-rate="1" complexity="2">
              <lines>
                <line number="42" hits="5" branch="True" condition-coverage="100% (2/2)">
                  <conditions>
                    <condition number="1" type="jump" coverage="100%" />
                  </conditions>
                </line>
              </lines>
            </method>
            <method name="IsAuthorized" signature="(System.String)" line-rate="1" branch-rate="1" complexity="2">
              <lines>
                <line number="46" hits="3" branch="True" condition-coverage="100% (2/2)">
                  <conditions>
                    <condition number="18" type="jump" coverage="100%" />
                  </conditions>
                </line>
                <line number="47" hits="3" branch="False" />
                <line number="48" hits="3" branch="False" />
                <line number="49" hits="3" branch="False" />
              </lines>
            </method>
            <method name=".ctor" signature="(Microsoft.AspNetCore.Http.IHttpContextAccessor,Microsoft.AspNetCore.Authorization.IAuthorizationService)" line-rate="1" branch-rate="1" complexity="1">
              <lines>
                <line number="28" hits="10" branch="False" />
                <line number="29" hits="10" branch="False" />
                <line number="30" hits="10" branch="False" />
                <line number="31" hits="10" branch="False" />
                <line number="32" hits="10" branch="False" />
                <line number="33" hits="10" branch="False" />
                <line number="34" hits="9" branch="False" />
                <line number="36" hits="8" branch="False" />
                <line number="37" hits="8" branch="False" />
                <line number="38" hits="8" branch="False" />
              </lines>
            </method>
          </methods>
          <lines>
            <line number="42" hits="5" branch="True" condition-coverage="100% (2/2)">
              <conditions>
                <condition number="1" type="jump" coverage="100%" />
              </conditions>
            </line>
            <line number="46" hits="3" branch="True" condition-coverage="100% (2/2)">
              <conditions>
                <condition number="18" type="jump" coverage="100%" />
              </conditions>
            </line>
            <line number="47" hits="3" branch="False" />
            <line number="48" hits="3" branch="False" />
            <line number="49" hits="3" branch="False" />
            <line number="28" hits="10" branch="False" />
            <line number="29" hits="10" branch="False" />
            <line number="30" hits="10" branch="False" />
            <line number="31" hits="10" branch="False" />
            <line number="32" hits="10" branch="False" />
            <line number="33" hits="10" branch="False" />
            <line number="34" hits="9" branch="False" />
            <line number="36" hits="8" branch="False" />
            <line number="37" hits="8" branch="False" />
            <line number="38" hits="8" branch="False" />
          </lines>
        </class>
        <class name="SwaggerUIAuthorization.Components.SwaggerOperationCollection" filename="Components/SwaggerOperationCollection.cs" line-rate="1" branch-rate="1" complexity="5">
          <methods>
            <method name="Add" signature="(System.String)" line-rate="1" branch-rate="1" complexity="2">
              <lines>
                <line number="15" hits="9" branch="False" />
                <line number="16" hits="9" branch="True" condition-coverage="100% (2/2)">
                  <conditions>
                    <condition number="12" type="jump" coverage="100%" />
                  </conditions>
                </line>
                <line number="17" hits="6" branch="False" />
                <line number="18" hits="6" branch="False" />
                <line number="19" hits="6" branch="False" />
                <line number="20" hits="9" branch="False" />
              </lines>
            </method>
            <method name="HasOperation" signature="(System.String)" line-rate="1" branch-rate="1" complexity="2">
              <lines>
                <line number="24" hits="13" branch="True" condition-coverage="100% (2/2)">
                  <conditions>
                    <condition number="6" type="jump" coverage="100%" />
                  </conditions>
                </line>
                <line number="25" hits="13" branch="False" />
              </lines>
            </method>
            <method name=".ctor" signature="()" line-rate="1" branch-rate="1" complexity="1">
              <lines>
                <line number="11" hits="11" branch="False" />
              </lines>
            </method>
          </methods>
          <lines>
            <line number="15" hits="9" branch="False" />
            <line number="16" hits="9" branch="True" condition-coverage="100% (2/2)">
              <conditions>
                <condition number="12" type="jump" coverage="100%" />
              </conditions>
            </line>
            <line number="17" hits="6" branch="False" />
            <line number="18" hits="6" branch="False" />
            <line number="19" hits="6" branch="False" />
            <line number="20" hits="9" branch="False" />
            <line number="24" hits="13" branch="True" condition-coverage="100% (2/2)">
              <conditions>
                <condition number="6" type="jump" coverage="100%" />
              </conditions>
            </line>
            <line number="25" hits="13" branch="False" />
            <line number="11" hits="11" branch="False" />
          </lines>
        </class>
      </classes>
    </package>
  </packages>
</coverage>